c:\users\scatt\desktop\cs330content2025\projects\7-1_finalprojectmilestones\7-1_fina.fec5411d\debug\vc143.pdb
c:\users\scatt\desktop\cs330content2025\projects\7-1_finalprojectmilestones\7-1_fina.fec5411d\debug\vc143.idb
c:\users\scatt\desktop\cs330content2025\projects\7-1_finalprojectmilestones\7-1_fina.fec5411d\debug\viewmanager.obj
c:\users\scatt\desktop\cs330content2025\projects\7-1_finalprojectmilestones\7-1_fina.fec5411d\debug\scenemanager.obj
c:\users\scatt\desktop\cs330content2025\projects\7-1_finalprojectmilestones\7-1_fina.fec5411d\debug\maincode.obj
c:\users\scatt\desktop\cs330content2025\projects\7-1_finalprojectmilestones\7-1_fina.fec5411d\debug\shadermanager.obj
c:\users\scatt\desktop\cs330content2025\projects\7-1_finalprojectmilestones\7-1_fina.fec5411d\debug\shapemeshes.obj
c:\users\scatt\desktop\cs330content2025\projects\7-1_finalprojectmilestones\debug\7-1_finalprojectmilestones.exe
c:\users\scatt\desktop\cs330content2025\projects\7-1_finalprojectmilestones\debug\7-1_finalprojectmilestones.pdb
c:\users\scatt\desktop\cs330content2025\projects\7-1_finalprojectmilestones\7-1_fina.fec5411d\debug\7-1_finalprojectmilestones.ilk
c:\users\scatt\desktop\cs330content2025_montminy\projects\7-1_finalprojectmilestones\7-1_fina.fec5411d\debug\maincode.obj
c:\users\scatt\desktop\cs330content2025_montminy\projects\7-1_finalprojectmilestones\7-1_fina.fec5411d\debug\scenemanager.obj
c:\users\scatt\desktop\cs330content2025_montminy\projects\7-1_finalprojectmilestones\7-1_fina.fec5411d\debug\shadermanager.obj
c:\users\scatt\desktop\cs330content2025_montminy\projects\7-1_finalprojectmilestones\7-1_fina.fec5411d\debug\shapemeshes.obj
c:\users\scatt\desktop\cs330content2025_montminy\projects\7-1_finalprojectmilestones\7-1_fina.fec5411d\debug\viewmanager.obj
c:\users\scatt\desktop\cs330content2025_montminy\projects\7-1_finalprojectmilestones\7-1_fina.fec5411d\debug\7-1_finalprojectmilestones.ilk
c:\users\scatt\desktop\cs330content2025_montminy\projects\7-1_finalprojectmilestones\7-1_fina.fec5411d\debug\vc143.idb
c:\users\scatt\desktop\cs330content2025_montminy\projects\7-1_finalprojectmilestones\7-1_fina.fec5411d\debug\vc143.pdb
c:\users\scatt\desktop\cs330content2025_montminy\projects\7-1_finalprojectmilestones\debug\7-1_finalprojectmilestones.pdb
c:\users\scatt\desktop\cs330content2025_montminy\projects\7-1_finalprojectmilestones\debug\7-1_finalprojectmilestones.exe
c:\users\scatt\desktop\cs330content2025_montminy\projects\7-1_finalprojectmilestones\7-1_fina.fec5411d\debug\7-1_fina.fec5411d.tlog\cl.command.1.tlog
c:\users\scatt\desktop\cs330content2025_montminy\projects\7-1_finalprojectmilestones\7-1_fina.fec5411d\debug\7-1_fina.fec5411d.tlog\cl.items.tlog
c:\users\scatt\desktop\cs330content2025_montminy\projects\7-1_finalprojectmilestones\7-1_fina.fec5411d\debug\7-1_fina.fec5411d.tlog\cl.read.1.tlog
c:\users\scatt\desktop\cs330content2025_montminy\projects\7-1_finalprojectmilestones\7-1_fina.fec5411d\debug\7-1_fina.fec5411d.tlog\cl.write.1.tlog
c:\users\scatt\desktop\cs330content2025_montminy\projects\7-1_finalprojectmilestones\7-1_fina.fec5411d\debug\7-1_fina.fec5411d.tlog\link.command.1.tlog
c:\users\scatt\desktop\cs330content2025_montminy\projects\7-1_finalprojectmilestones\7-1_fina.fec5411d\debug\7-1_fina.fec5411d.tlog\link.read.1.tlog
c:\users\scatt\desktop\cs330content2025_montminy\projects\7-1_finalprojectmilestones\7-1_fina.fec5411d\debug\7-1_fina.fec5411d.tlog\link.secondary.1.tlog
c:\users\scatt\desktop\cs330content2025_montminy\projects\7-1_finalprojectmilestones\7-1_fina.fec5411d\debug\7-1_fina.fec5411d.tlog\link.write.1.tlog
