  ShapeMeshes.cpp
C:\Users\scatt\Desktop\CS330Content2025_Montminy\3DShapes\ShapeMeshes.cpp(151,18): warning C4244: 'initializing': conversion from 'double' to 'float', possible loss of data
C:\Users\scatt\Desktop\CS330Content2025_Montminy\3DShapes\ShapeMeshes.cpp(219,18): warning C4244: 'initializing': conversion from 'double' to 'float', possible loss of data
C:\Users\scatt\Desktop\CS330Content2025_Montminy\3DShapes\ShapeMeshes.cpp(592,15): warning C4244: 'initializing': conversion from 'double' to 'float', possible loss of data
C:\Users\scatt\Desktop\CS330Content2025_Montminy\3DShapes\ShapeMeshes.cpp(598,14): warning C4244: 'initializing': conversion from 'double' to 'float', possible loss of data
C:\Users\scatt\Desktop\CS330Content2025_Montminy\3DShapes\ShapeMeshes.cpp(769,22): warning C4305: 'initializing': truncation from 'double' to 'GLfloat'
C:\Users\scatt\Desktop\CS330Content2025_Montminy\3DShapes\ShapeMeshes.cpp(770,22): warning C4305: 'initializing': truncation from 'double' to 'GLfloat'
C:\Users\scatt\Desktop\CS330Content2025_Montminy\3DShapes\ShapeMeshes.cpp(771,24): warning C4305: 'initializing': truncation from 'double' to 'GLfloat'
C:\Users\scatt\Desktop\CS330Content2025_Montminy\3DShapes\ShapeMeshes.cpp(771,58): warning C4305: 'initializing': truncation from 'double' to 'GLfloat'
C:\Users\scatt\Desktop\CS330Content2025_Montminy\3DShapes\ShapeMeshes.cpp(772,22): warning C4305: 'initializing': truncation from 'double' to 'GLfloat'
C:\Users\scatt\Desktop\CS330Content2025_Montminy\3DShapes\ShapeMeshes.cpp(773,24): warning C4305: 'initializing': truncation from 'double' to 'GLfloat'
C:\Users\scatt\Desktop\CS330Content2025_Montminy\3DShapes\ShapeMeshes.cpp(773,59): warning C4305: 'initializing': truncation from 'double' to 'GLfloat'
C:\Users\scatt\Desktop\CS330Content2025_Montminy\3DShapes\ShapeMeshes.cpp(774,24): warning C4305: 'initializing': truncation from 'double' to 'GLfloat'
C:\Users\scatt\Desktop\CS330Content2025_Montminy\3DShapes\ShapeMeshes.cpp(774,58): warning C4305: 'initializing': truncation from 'double' to 'GLfloat'
C:\Users\scatt\Desktop\CS330Content2025_Montminy\3DShapes\ShapeMeshes.cpp(775,59): warning C4305: 'initializing': truncation from 'double' to 'GLfloat'
C:\Users\scatt\Desktop\CS330Content2025_Montminy\3DShapes\ShapeMeshes.cpp(776,59): warning C4305: 'initializing': truncation from 'double' to 'GLfloat'
C:\Users\scatt\Desktop\CS330Content2025_Montminy\3DShapes\ShapeMeshes.cpp(777,59): warning C4305: 'initializing': truncation from 'double' to 'GLfloat'
C:\Users\scatt\Desktop\CS330Content2025_Montminy\3DShapes\ShapeMeshes.cpp(778,59): warning C4305: 'initializing': truncation from 'double' to 'GLfloat'
C:\Users\scatt\Desktop\CS330Content2025_Montminy\3DShapes\ShapeMeshes.cpp(779,58): warning C4305: 'initializing': truncation from 'double' to 'GLfloat'
C:\Users\scatt\Desktop\CS330Content2025_Montminy\3DShapes\ShapeMeshes.cpp(780,59): warning C4305: 'initializing': truncation from 'double' to 'GLfloat'
C:\Users\scatt\Desktop\CS330Content2025_Montminy\3DShapes\ShapeMeshes.cpp(781,59): warning C4305: 'initializing': truncation from 'double' to 'GLfloat'
C:\Users\scatt\Desktop\CS330Content2025_Montminy\3DShapes\ShapeMeshes.cpp(782,58): warning C4305: 'initializing': truncation from 'double' to 'GLfloat'
C:\Users\scatt\Desktop\CS330Content2025_Montminy\3DShapes\ShapeMeshes.cpp(783,59): warning C4305: 'initializing': truncation from 'double' to 'GLfloat'
C:\Users\scatt\Desktop\CS330Content2025_Montminy\3DShapes\ShapeMeshes.cpp(784,59): warning C4305: 'initializing': truncation from 'double' to 'GLfloat'
C:\Users\scatt\Desktop\CS330Content2025_Montminy\3DShapes\ShapeMeshes.cpp(785,59): warning C4305: 'initializing': truncation from 'double' to 'GLfloat'
C:\Users\scatt\Desktop\CS330Content2025_Montminy\3DShapes\ShapeMeshes.cpp(786,59): warning C4305: 'initializing': truncation from 'double' to 'GLfloat'
C:\Users\scatt\Desktop\CS330Content2025_Montminy\3DShapes\ShapeMeshes.cpp(787,59): warning C4305: 'initializing': truncation from 'double' to 'GLfloat'
C:\Users\scatt\Desktop\CS330Content2025_Montminy\3DShapes\ShapeMeshes.cpp(788,59): warning C4305: 'initializing': truncation from 'double' to 'GLfloat'
C:\Users\scatt\Desktop\CS330Content2025_Montminy\3DShapes\ShapeMeshes.cpp(789,59): warning C4305: 'initializing': truncation from 'double' to 'GLfloat'
C:\Users\scatt\Desktop\CS330Content2025_Montminy\3DShapes\ShapeMeshes.cpp(790,59): warning C4305: 'initializing': truncation from 'double' to 'GLfloat'
C:\Users\scatt\Desktop\CS330Content2025_Montminy\3DShapes\ShapeMeshes.cpp(791,58): warning C4305: 'initializing': truncation from 'double' to 'GLfloat'
C:\Users\scatt\Desktop\CS330Content2025_Montminy\3DShapes\ShapeMeshes.cpp(792,59): warning C4305: 'initializing': truncation from 'double' to 'GLfloat'
C:\Users\scatt\Desktop\CS330Content2025_Montminy\3DShapes\ShapeMeshes.cpp(793,59): warning C4305: 'initializing': truncation from 'double' to 'GLfloat'
C:\Users\scatt\Desktop\CS330Content2025_Montminy\3DShapes\ShapeMeshes.cpp(794,58): warning C4305: 'initializing': truncation from 'double' to 'GLfloat'
C:\Users\scatt\Desktop\CS330Content2025_Montminy\3DShapes\ShapeMeshes.cpp(795,59): warning C4305: 'initializing': truncation from 'double' to 'GLfloat'
C:\Users\scatt\Desktop\CS330Content2025_Montminy\3DShapes\ShapeMeshes.cpp(796,59): warning C4305: 'initializing': truncation from 'double' to 'GLfloat'
C:\Users\scatt\Desktop\CS330Content2025_Montminy\3DShapes\ShapeMeshes.cpp(797,59): warning C4305: 'initializing': truncation from 'double' to 'GLfloat'
C:\Users\scatt\Desktop\CS330Content2025_Montminy\3DShapes\ShapeMeshes.cpp(798,59): warning C4305: 'initializing': truncation from 'double' to 'GLfloat'
C:\Users\scatt\Desktop\CS330Content2025_Montminy\3DShapes\ShapeMeshes.cpp(799,59): warning C4305: 'initializing': truncation from 'double' to 'GLfloat'
C:\Users\scatt\Desktop\CS330Content2025_Montminy\3DShapes\ShapeMeshes.cpp(800,59): warning C4305: 'initializing': truncation from 'double' to 'GLfloat'
C:\Users\scatt\Desktop\CS330Content2025_Montminy\3DShapes\ShapeMeshes.cpp(801,59): warning C4305: 'initializing': truncation from 'double' to 'GLfloat'
C:\Users\scatt\Desktop\CS330Content2025_Montminy\3DShapes\ShapeMeshes.cpp(802,59): warning C4305: 'initializing': truncation from 'double' to 'GLfloat'
C:\Users\scatt\Desktop\CS330Content2025_Montminy\3DShapes\ShapeMeshes.cpp(803,58): warning C4305: 'initializing': truncation from 'double' to 'GLfloat'
C:\Users\scatt\Desktop\CS330Content2025_Montminy\3DShapes\ShapeMeshes.cpp(804,59): warning C4305: 'initializing': truncation from 'double' to 'GLfloat'
C:\Users\scatt\Desktop\CS330Content2025_Montminy\3DShapes\ShapeMeshes.cpp(805,59): warning C4305: 'initializing': truncation from 'double' to 'GLfloat'
C:\Users\scatt\Desktop\CS330Content2025_Montminy\3DShapes\ShapeMeshes.cpp(806,59): warning C4305: 'initializing': truncation from 'double' to 'GLfloat'
C:\Users\scatt\Desktop\CS330Content2025_Montminy\3DShapes\ShapeMeshes.cpp(807,60): warning C4305: 'initializing': truncation from 'double' to 'GLfloat'
C:\Users\scatt\Desktop\CS330Content2025_Montminy\3DShapes\ShapeMeshes.cpp(808,59): warning C4305: 'initializing': truncation from 'double' to 'GLfloat'
C:\Users\scatt\Desktop\CS330Content2025_Montminy\3DShapes\ShapeMeshes.cpp(809,61): warning C4305: 'initializing': truncation from 'double' to 'GLfloat'
C:\Users\scatt\Desktop\CS330Content2025_Montminy\3DShapes\ShapeMeshes.cpp(810,60): warning C4305: 'initializing': truncation from 'double' to 'GLfloat'
C:\Users\scatt\Desktop\CS330Content2025_Montminy\3DShapes\ShapeMeshes.cpp(811,60): warning C4305: 'initializing': truncation from 'double' to 'GLfloat'
C:\Users\scatt\Desktop\CS330Content2025_Montminy\3DShapes\ShapeMeshes.cpp(812,61): warning C4305: 'initializing': truncation from 'double' to 'GLfloat'
C:\Users\scatt\Desktop\CS330Content2025_Montminy\3DShapes\ShapeMeshes.cpp(813,60): warning C4305: 'initializing': truncation from 'double' to 'GLfloat'
C:\Users\scatt\Desktop\CS330Content2025_Montminy\3DShapes\ShapeMeshes.cpp(814,60): warning C4305: 'initializing': truncation from 'double' to 'GLfloat'
C:\Users\scatt\Desktop\CS330Content2025_Montminy\3DShapes\ShapeMeshes.cpp(815,60): warning C4305: 'initializing': truncation from 'double' to 'GLfloat'
C:\Users\scatt\Desktop\CS330Content2025_Montminy\3DShapes\ShapeMeshes.cpp(816,60): warning C4305: 'initializing': truncation from 'double' to 'GLfloat'
C:\Users\scatt\Desktop\CS330Content2025_Montminy\3DShapes\ShapeMeshes.cpp(817,61): warning C4305: 'initializing': truncation from 'double' to 'GLfloat'
C:\Users\scatt\Desktop\CS330Content2025_Montminy\3DShapes\ShapeMeshes.cpp(818,60): warning C4305: 'initializing': truncation from 'double' to 'GLfloat'
C:\Users\scatt\Desktop\CS330Content2025_Montminy\3DShapes\ShapeMeshes.cpp(819,60): warning C4305: 'initializing': truncation from 'double' to 'GLfloat'
C:\Users\scatt\Desktop\CS330Content2025_Montminy\3DShapes\ShapeMeshes.cpp(820,61): warning C4305: 'initializing': truncation from 'double' to 'GLfloat'
C:\Users\scatt\Desktop\CS330Content2025_Montminy\3DShapes\ShapeMeshes.cpp(821,61): warning C4305: 'initializing': truncation from 'double' to 'GLfloat'
C:\Users\scatt\Desktop\CS330Content2025_Montminy\3DShapes\ShapeMeshes.cpp(822,60): warning C4305: 'initializing': truncation from 'double' to 'GLfloat'
C:\Users\scatt\Desktop\CS330Content2025_Montminy\3DShapes\ShapeMeshes.cpp(823,60): warning C4305: 'initializing': truncation from 'double' to 'GLfloat'
C:\Users\scatt\Desktop\CS330Content2025_Montminy\3DShapes\ShapeMeshes.cpp(824,61): warning C4305: 'initializing': truncation from 'double' to 'GLfloat'
C:\Users\scatt\Desktop\CS330Content2025_Montminy\3DShapes\ShapeMeshes.cpp(825,61): warning C4305: 'initializing': truncation from 'double' to 'GLfloat'
C:\Users\scatt\Desktop\CS330Content2025_Montminy\3DShapes\ShapeMeshes.cpp(826,60): warning C4305: 'initializing': truncation from 'double' to 'GLfloat'
C:\Users\scatt\Desktop\CS330Content2025_Montminy\3DShapes\ShapeMeshes.cpp(827,60): warning C4305: 'initializing': truncation from 'double' to 'GLfloat'
C:\Users\scatt\Desktop\CS330Content2025_Montminy\3DShapes\ShapeMeshes.cpp(828,61): warning C4305: 'initializing': truncation from 'double' to 'GLfloat'
C:\Users\scatt\Desktop\CS330Content2025_Montminy\3DShapes\ShapeMeshes.cpp(829,61): warning C4305: 'initializing': truncation from 'double' to 'GLfloat'
C:\Users\scatt\Desktop\CS330Content2025_Montminy\3DShapes\ShapeMeshes.cpp(830,60): warning C4305: 'initializing': truncation from 'double' to 'GLfloat'
C:\Users\scatt\Desktop\CS330Content2025_Montminy\3DShapes\ShapeMeshes.cpp(831,60): warning C4305: 'initializing': truncation from 'double' to 'GLfloat'
C:\Users\scatt\Desktop\CS330Content2025_Montminy\3DShapes\ShapeMeshes.cpp(832,61): warning C4305: 'initializing': truncation from 'double' to 'GLfloat'
C:\Users\scatt\Desktop\CS330Content2025_Montminy\3DShapes\ShapeMeshes.cpp(833,60): warning C4305: 'initializing': truncation from 'double' to 'GLfloat'
C:\Users\scatt\Desktop\CS330Content2025_Montminy\3DShapes\ShapeMeshes.cpp(834,60): warning C4305: 'initializing': truncation from 'double' to 'GLfloat'
C:\Users\scatt\Desktop\CS330Content2025_Montminy\3DShapes\ShapeMeshes.cpp(835,60): warning C4305: 'initializing': truncation from 'double' to 'GLfloat'
C:\Users\scatt\Desktop\CS330Content2025_Montminy\3DShapes\ShapeMeshes.cpp(836,60): warning C4305: 'initializing': truncation from 'double' to 'GLfloat'
C:\Users\scatt\Desktop\CS330Content2025_Montminy\3DShapes\ShapeMeshes.cpp(837,61): warning C4305: 'initializing': truncation from 'double' to 'GLfloat'
C:\Users\scatt\Desktop\CS330Content2025_Montminy\3DShapes\ShapeMeshes.cpp(838,60): warning C4305: 'initializing': truncation from 'double' to 'GLfloat'
C:\Users\scatt\Desktop\CS330Content2025_Montminy\3DShapes\ShapeMeshes.cpp(839,59): warning C4305: 'initializing': truncation from 'double' to 'GLfloat'
C:\Users\scatt\Desktop\CS330Content2025_Montminy\3DShapes\ShapeMeshes.cpp(840,61): warning C4305: 'initializing': truncation from 'double' to 'GLfloat'
C:\Users\scatt\Desktop\CS330Content2025_Montminy\3DShapes\ShapeMeshes.cpp(841,59): warning C4305: 'initializing': truncation from 'double' to 'GLfloat'
C:\Users\scatt\Desktop\CS330Content2025_Montminy\3DShapes\ShapeMeshes.cpp(842,59): warning C4305: 'initializing': truncation from 'double' to 'GLfloat'
C:\Users\scatt\Desktop\CS330Content2025_Montminy\3DShapes\ShapeMeshes.cpp(843,59): warning C4305: 'initializing': truncation from 'double' to 'GLfloat'
C:\Users\scatt\Desktop\CS330Content2025_Montminy\3DShapes\ShapeMeshes.cpp(844,58): warning C4305: 'initializing': truncation from 'double' to 'GLfloat'
C:\Users\scatt\Desktop\CS330Content2025_Montminy\3DShapes\ShapeMeshes.cpp(845,59): warning C4305: 'initializing': truncation from 'double' to 'GLfloat'
C:\Users\scatt\Desktop\CS330Content2025_Montminy\3DShapes\ShapeMeshes.cpp(846,59): warning C4305: 'initializing': truncation from 'double' to 'GLfloat'
C:\Users\scatt\Desktop\CS330Content2025_Montminy\3DShapes\ShapeMeshes.cpp(847,59): warning C4305: 'initializing': truncation from 'double' to 'GLfloat'
C:\Users\scatt\Desktop\CS330Content2025_Montminy\3DShapes\ShapeMeshes.cpp(848,59): warning C4305: 'initializing': truncation from 'double' to 'GLfloat'
C:\Users\scatt\Desktop\CS330Content2025_Montminy\3DShapes\ShapeMeshes.cpp(849,59): warning C4305: 'initializing': truncation from 'double' to 'GLfloat'
C:\Users\scatt\Desktop\CS330Content2025_Montminy\3DShapes\ShapeMeshes.cpp(850,59): warning C4305: 'initializing': truncation from 'double' to 'GLfloat'
C:\Users\scatt\Desktop\CS330Content2025_Montminy\3DShapes\ShapeMeshes.cpp(851,58): warning C4305: 'initializing': truncation from 'double' to 'GLfloat'
C:\Users\scatt\Desktop\CS330Content2025_Montminy\3DShapes\ShapeMeshes.cpp(852,59): warning C4305: 'initializing': truncation from 'double' to 'GLfloat'
C:\Users\scatt\Desktop\CS330Content2025_Montminy\3DShapes\ShapeMeshes.cpp(853,59): warning C4305: 'initializing': truncation from 'double' to 'GLfloat'
C:\Users\scatt\Desktop\CS330Content2025_Montminy\3DShapes\ShapeMeshes.cpp(854,58): warning C4305: 'initializing': truncation from 'double' to 'GLfloat'
C:\Users\scatt\Desktop\CS330Content2025_Montminy\3DShapes\ShapeMeshes.cpp(855,59): warning C4305: 'initializing': truncation from 'double' to 'GLfloat'
C:\Users\scatt\Desktop\CS330Content2025_Montminy\3DShapes\ShapeMeshes.cpp(856,59): warning C4305: 'initializing': truncation from 'double' to 'GLfloat'
C:\Users\scatt\Desktop\CS330Content2025_Montminy\3DShapes\ShapeMeshes.cpp(857,59): warning C4305: 'initializing': truncation from 'double' to 'GLfloat'
C:\Users\scatt\Desktop\CS330Content2025_Montminy\3DShapes\ShapeMeshes.cpp(858,59): warning C4305: 'initializing': truncation from 'double' to 'GLfloat'
C:\Users\scatt\Desktop\CS330Content2025_Montminy\3DShapes\ShapeMeshes.cpp(859,59): warning C4305: 'initializing': truncation from 'double' to 'GLfloat'
C:\Users\scatt\Desktop\CS330Content2025_Montminy\3DShapes\ShapeMeshes.cpp(860,59): warning C4305: 'initializing': truncation from 'double' to 'GLfloat'
C:\Users\scatt\Desktop\CS330Content2025_Montminy\3DShapes\ShapeMeshes.cpp(861,59): warning C4305: 'initializing': truncation from 'double' to 'GLfloat'
C:\Users\scatt\Desktop\CS330Content2025_Montminy\3DShapes\ShapeMeshes.cpp(862,59): warning C4305: 'initializing': truncation from 'double' to 'GLfloat'
C:\Users\scatt\Desktop\CS330Content2025_Montminy\3DShapes\ShapeMeshes.cpp(863,58): warning C4305: 'initializing': truncation from 'double' to 'GLfloat'
C:\Users\scatt\Desktop\CS330Content2025_Montminy\3DShapes\ShapeMeshes.cpp(864,59): warning C4305: 'initializing': truncation from 'double' to 'GLfloat'
C:\Users\scatt\Desktop\CS330Content2025_Montminy\3DShapes\ShapeMeshes.cpp(865,59): warning C4305: 'initializing': truncation from 'double' to 'GLfloat'
C:\Users\scatt\Desktop\CS330Content2025_Montminy\3DShapes\ShapeMeshes.cpp(866,58): warning C4305: 'initializing': truncation from 'double' to 'GLfloat'
C:\Users\scatt\Desktop\CS330Content2025_Montminy\3DShapes\ShapeMeshes.cpp(867,59): warning C4305: 'initializing': truncation from 'double' to 'GLfloat'
C:\Users\scatt\Desktop\CS330Content2025_Montminy\3DShapes\ShapeMeshes.cpp(868,59): warning C4305: 'initializing': truncation from 'double' to 'GLfloat'
C:\Users\scatt\Desktop\CS330Content2025_Montminy\3DShapes\ShapeMeshes.cpp(869,59): warning C4305: 'initializing': truncation from 'double' to 'GLfloat'
C:\Users\scatt\Desktop\CS330Content2025_Montminy\3DShapes\ShapeMeshes.cpp(870,59): warning C4305: 'initializing': truncation from 'double' to 'GLfloat'
C:\Users\scatt\Desktop\CS330Content2025_Montminy\3DShapes\ShapeMeshes.cpp(871,59): warning C4305: 'initializing': truncation from 'double' to 'GLfloat'
C:\Users\scatt\Desktop\CS330Content2025_Montminy\3DShapes\ShapeMeshes.cpp(872,59): warning C4305: 'initializing': truncation from 'double' to 'GLfloat'
C:\Users\scatt\Desktop\CS330Content2025_Montminy\3DShapes\ShapeMeshes.cpp(873,59): warning C4305: 'initializing': truncation from 'double' to 'GLfloat'
C:\Users\scatt\Desktop\CS330Content2025_Montminy\3DShapes\ShapeMeshes.cpp(874,59): warning C4305: 'initializing': truncation from 'double' to 'GLfloat'
C:\Users\scatt\Desktop\CS330Content2025_Montminy\3DShapes\ShapeMeshes.cpp(875,57): warning C4305: 'initializing': truncation from 'double' to 'GLfloat'
C:\Users\scatt\Desktop\CS330Content2025_Montminy\3DShapes\ShapeMeshes.cpp(876,59): warning C4305: 'initializing': truncation from 'double' to 'GLfloat'
C:\Users\scatt\Desktop\CS330Content2025_Montminy\3DShapes\ShapeMeshes.cpp(877,57): warning C4305: 'initializing': truncation from 'double' to 'GLfloat'
C:\Users\scatt\Desktop\CS330Content2025_Montminy\3DShapes\ShapeMeshes.cpp(878,57): warning C4305: 'initializing': truncation from 'double' to 'GLfloat'
C:\Users\scatt\Desktop\CS330Content2025_Montminy\3DShapes\ShapeMeshes.cpp(879,57): warning C4305: 'initializing': truncation from 'double' to 'GLfloat'
C:\Users\scatt\Desktop\CS330Content2025_Montminy\3DShapes\ShapeMeshes.cpp(880,56): warning C4305: 'initializing': truncation from 'double' to 'GLfloat'
C:\Users\scatt\Desktop\CS330Content2025_Montminy\3DShapes\ShapeMeshes.cpp(881,58): warning C4305: 'initializing': truncation from 'double' to 'GLfloat'
C:\Users\scatt\Desktop\CS330Content2025_Montminy\3DShapes\ShapeMeshes.cpp(882,57): warning C4305: 'initializing': truncation from 'double' to 'GLfloat'
C:\Users\scatt\Desktop\CS330Content2025_Montminy\3DShapes\ShapeMeshes.cpp(883,57): warning C4305: 'initializing': truncation from 'double' to 'GLfloat'
C:\Users\scatt\Desktop\CS330Content2025_Montminy\3DShapes\ShapeMeshes.cpp(884,58): warning C4305: 'initializing': truncation from 'double' to 'GLfloat'
C:\Users\scatt\Desktop\CS330Content2025_Montminy\3DShapes\ShapeMeshes.cpp(885,57): warning C4305: 'initializing': truncation from 'double' to 'GLfloat'
C:\Users\scatt\Desktop\CS330Content2025_Montminy\3DShapes\ShapeMeshes.cpp(886,57): warning C4305: 'initializing': truncation from 'double' to 'GLfloat'
C:\Users\scatt\Desktop\CS330Content2025_Montminy\3DShapes\ShapeMeshes.cpp(887,56): warning C4305: 'initializing': truncation from 'double' to 'GLfloat'
C:\Users\scatt\Desktop\CS330Content2025_Montminy\3DShapes\ShapeMeshes.cpp(888,57): warning C4305: 'initializing': truncation from 'double' to 'GLfloat'
C:\Users\scatt\Desktop\CS330Content2025_Montminy\3DShapes\ShapeMeshes.cpp(889,58): warning C4305: 'initializing': truncation from 'double' to 'GLfloat'
C:\Users\scatt\Desktop\CS330Content2025_Montminy\3DShapes\ShapeMeshes.cpp(890,56): warning C4305: 'initializing': truncation from 'double' to 'GLfloat'
C:\Users\scatt\Desktop\CS330Content2025_Montminy\3DShapes\ShapeMeshes.cpp(891,57): warning C4305: 'initializing': truncation from 'double' to 'GLfloat'
C:\Users\scatt\Desktop\CS330Content2025_Montminy\3DShapes\ShapeMeshes.cpp(892,58): warning C4305: 'initializing': truncation from 'double' to 'GLfloat'
C:\Users\scatt\Desktop\CS330Content2025_Montminy\3DShapes\ShapeMeshes.cpp(893,58): warning C4305: 'initializing': truncation from 'double' to 'GLfloat'
C:\Users\scatt\Desktop\CS330Content2025_Montminy\3DShapes\ShapeMeshes.cpp(894,57): warning C4305: 'initializing': truncation from 'double' to 'GLfloat'
C:\Users\scatt\Desktop\CS330Content2025_Montminy\3DShapes\ShapeMeshes.cpp(895,57): warning C4305: 'initializing': truncation from 'double' to 'GLfloat'
C:\Users\scatt\Desktop\CS330Content2025_Montminy\3DShapes\ShapeMeshes.cpp(896,58): warning C4305: 'initializing': truncation from 'double' to 'GLfloat'
C:\Users\scatt\Desktop\CS330Content2025_Montminy\3DShapes\ShapeMeshes.cpp(897,58): warning C4305: 'initializing': truncation from 'double' to 'GLfloat'
C:\Users\scatt\Desktop\CS330Content2025_Montminy\3DShapes\ShapeMeshes.cpp(898,57): warning C4305: 'initializing': truncation from 'double' to 'GLfloat'
C:\Users\scatt\Desktop\CS330Content2025_Montminy\3DShapes\ShapeMeshes.cpp(899,56): warning C4305: 'initializing': truncation from 'double' to 'GLfloat'
C:\Users\scatt\Desktop\CS330Content2025_Montminy\3DShapes\ShapeMeshes.cpp(900,58): warning C4305: 'initializing': truncation from 'double' to 'GLfloat'
C:\Users\scatt\Desktop\CS330Content2025_Montminy\3DShapes\ShapeMeshes.cpp(901,58): warning C4305: 'initializing': truncation from 'double' to 'GLfloat'
C:\Users\scatt\Desktop\CS330Content2025_Montminy\3DShapes\ShapeMeshes.cpp(902,56): warning C4305: 'initializing': truncation from 'double' to 'GLfloat'
C:\Users\scatt\Desktop\CS330Content2025_Montminy\3DShapes\ShapeMeshes.cpp(903,57): warning C4305: 'initializing': truncation from 'double' to 'GLfloat'
C:\Users\scatt\Desktop\CS330Content2025_Montminy\3DShapes\ShapeMeshes.cpp(904,58): warning C4305: 'initializing': truncation from 'double' to 'GLfloat'
C:\Users\scatt\Desktop\CS330Content2025_Montminy\3DShapes\ShapeMeshes.cpp(905,57): warning C4305: 'initializing': truncation from 'double' to 'GLfloat'
C:\Users\scatt\Desktop\CS330Content2025_Montminy\3DShapes\ShapeMeshes.cpp(906,57): warning C4305: 'initializing': truncation from 'double' to 'GLfloat'
C:\Users\scatt\Desktop\CS330Content2025_Montminy\3DShapes\ShapeMeshes.cpp(907,57): warning C4305: 'initializing': truncation from 'double' to 'GLfloat'
C:\Users\scatt\Desktop\CS330Content2025_Montminy\3DShapes\ShapeMeshes.cpp(908,57): warning C4305: 'initializing': truncation from 'double' to 'GLfloat'
C:\Users\scatt\Desktop\CS330Content2025_Montminy\3DShapes\ShapeMeshes.cpp(909,58): warning C4305: 'initializing': truncation from 'double' to 'GLfloat'
C:\Users\scatt\Desktop\CS330Content2025_Montminy\3DShapes\ShapeMeshes.cpp(910,57): warning C4305: 'initializing': truncation from 'double' to 'GLfloat'
C:\Users\scatt\Desktop\CS330Content2025_Montminy\3DShapes\ShapeMeshes.cpp(912,58): warning C4305: 'initializing': truncation from 'double' to 'GLfloat'
C:\Users\scatt\Desktop\CS330Content2025_Montminy\3DShapes\ShapeMeshes.cpp(953,24): warning C4244: 'initializing': conversion from 'double' to 'float', possible loss of data
C:\Users\scatt\Desktop\CS330Content2025_Montminy\3DShapes\ShapeMeshes.cpp(954,24): warning C4244: 'initializing': conversion from 'double' to 'float', possible loss of data
C:\Users\scatt\Desktop\CS330Content2025_Montminy\3DShapes\ShapeMeshes.cpp(1121,23): warning C4244: 'initializing': conversion from 'double' to 'float', possible loss of data
C:\Users\scatt\Desktop\CS330Content2025_Montminy\3DShapes\ShapeMeshes.cpp(1122,21): warning C4244: 'initializing': conversion from 'double' to 'float', possible loss of data
C:\Users\scatt\Desktop\CS330Content2025_Montminy\3DShapes\ShapeMeshes.cpp(1212,20): warning C4018: '<': signed/unsigned mismatch
C:\Users\scatt\Desktop\CS330Content2025_Montminy\3DShapes\ShapeMeshes.cpp(1315,23): warning C4244: 'initializing': conversion from 'double' to 'float', possible loss of data
C:\Users\scatt\Desktop\CS330Content2025_Montminy\3DShapes\ShapeMeshes.cpp(1316,21): warning C4244: 'initializing': conversion from 'double' to 'float', possible loss of data
C:\Users\scatt\Desktop\CS330Content2025_Montminy\3DShapes\ShapeMeshes.cpp(1406,20): warning C4018: '<': signed/unsigned mismatch
  ShaderManager.cpp
  MainCode.cpp
  SceneManager.cpp
C:\Users\scatt\Desktop\CS330Content2025_Montminy\Projects\7-1_FinalProjectMilestones\Source\SceneManager.cpp(239,16): warning C4018: '<': signed/unsigned mismatch
C:\Users\scatt\Desktop\CS330Content2025_Montminy\Projects\7-1_FinalProjectMilestones\Source\SceneManager.cpp(560,31): warning C4305: 'argument': truncation from 'double' to 'float'
C:\Users\scatt\Desktop\CS330Content2025_Montminy\Projects\7-1_FinalProjectMilestones\Source\SceneManager.cpp(560,25): warning C4305: 'argument': truncation from 'double' to 'float'
C:\Users\scatt\Desktop\CS330Content2025_Montminy\Projects\7-1_FinalProjectMilestones\Source\SceneManager.cpp(593,28): warning C4305: 'argument': truncation from 'double' to 'float'
C:\Users\scatt\Desktop\CS330Content2025_Montminy\Projects\7-1_FinalProjectMilestones\Source\SceneManager.cpp(593,22): warning C4305: 'argument': truncation from 'double' to 'float'
C:\Users\scatt\Desktop\CS330Content2025_Montminy\Projects\7-1_FinalProjectMilestones\Source\SceneManager.cpp(593,17): warning C4305: 'argument': truncation from 'double' to 'float'
  ViewManager.cpp
C:\Users\scatt\Desktop\CS330Content2025_Montminy\Projects\7-1_FinalProjectMilestones\Source\ViewManager.cpp(136,12): warning C4244: '=': conversion from 'double' to 'float', possible loss of data
C:\Users\scatt\Desktop\CS330Content2025_Montminy\Projects\7-1_FinalProjectMilestones\Source\ViewManager.cpp(137,12): warning C4244: '=': conversion from 'double' to 'float', possible loss of data
C:\Users\scatt\Desktop\CS330Content2025_Montminy\Projects\7-1_FinalProjectMilestones\Source\ViewManager.cpp(142,16): warning C4244: 'initializing': conversion from 'double' to 'float', possible loss of data
C:\Users\scatt\Desktop\CS330Content2025_Montminy\Projects\7-1_FinalProjectMilestones\Source\ViewManager.cpp(143,16): warning C4244: 'initializing': conversion from 'double' to 'float', possible loss of data
C:\Users\scatt\Desktop\CS330Content2025_Montminy\Projects\7-1_FinalProjectMilestones\Source\ViewManager.cpp(146,11): warning C4244: '=': conversion from 'double' to 'float', possible loss of data
C:\Users\scatt\Desktop\CS330Content2025_Montminy\Projects\7-1_FinalProjectMilestones\Source\ViewManager.cpp(147,11): warning C4244: '=': conversion from 'double' to 'float', possible loss of data
C:\Users\scatt\Desktop\CS330Content2025_Montminy\Projects\7-1_FinalProjectMilestones\Source\ViewManager.cpp(157,38): warning C4244: '+=': conversion from 'double' to 'float', possible loss of data
C:\Users\scatt\Desktop\CS330Content2025_Montminy\Projects\7-1_FinalProjectMilestones\Source\ViewManager.cpp(245,21): warning C4244: 'initializing': conversion from 'double' to 'float', possible loss of data
  Generating Code...
  7-1_FinalProjectMilestones.vcxproj -> C:\Users\scatt\Desktop\CS330Content2025_Montminy\Projects\7-1_FinalProjectMilestones\Debug\7-1_FinalProjectMilestones.exe
  Copy EXE to Solution Folder
          1 file(s) copied.
